c:\excuse_me\games\whinemod\x3\prostreetwhinemod\prostreetwhinemod\prostree.ebd3bc06\release\prostreetwhinemod.pch
c:\excuse_me\games\whinemod\x3\prostreetwhinemod\prostreetwhinemod\prostree.ebd3bc06\release\vc143.pdb
c:\excuse_me\games\whinemod\x3\prostreetwhinemod\prostreetwhinemod\prostree.ebd3bc06\release\stdafx.obj
c:\excuse_me\games\whinemod\x3\prostreetwhinemod\prostreetwhinemod\prostree.ebd3bc06\release\dllmain.obj
c:\excuse_me\games\whinemod\x3\prostreetwhinemod\prostreetwhinemod\release\scripts\prostreetwhinemod.asi
c:\excuse_me\games\whinemod\x3\prostreetwhinemod\prostreetwhinemod\release\scripts\prostreetwhinemod.pdb
c:\excuse_me\games\whinemod\x3\prostreetwhinemod\prostreetwhinemod\prostree.ebd3bc06\release\resource.res
c:\excuse_me\games\whinemod\x3\prostreetwhinemod\prostreetwhinemod\prostree.ebd3bc06\release\prostreetwhinemod.ipdb
c:\excuse_me\games\whinemod\x3\prostreetwhinemod\prostreetwhinemod\prostree.ebd3bc06\release\prostreetwhinemod.iobj
c:\excuse_me\games\whinemod\x3\prostreetwhinemod\prostreetwhinemod\prostree.ebd3bc06\release\prostree.ebd3bc06.tlog\cl.command.1.tlog
c:\excuse_me\games\whinemod\x3\prostreetwhinemod\prostreetwhinemod\prostree.ebd3bc06\release\prostree.ebd3bc06.tlog\cl.items.tlog
c:\excuse_me\games\whinemod\x3\prostreetwhinemod\prostreetwhinemod\prostree.ebd3bc06\release\prostree.ebd3bc06.tlog\cl.read.1.tlog
c:\excuse_me\games\whinemod\x3\prostreetwhinemod\prostreetwhinemod\prostree.ebd3bc06\release\prostree.ebd3bc06.tlog\cl.write.1.tlog
c:\excuse_me\games\whinemod\x3\prostreetwhinemod\prostreetwhinemod\prostree.ebd3bc06\release\prostree.ebd3bc06.tlog\link.command.1.tlog
c:\excuse_me\games\whinemod\x3\prostreetwhinemod\prostreetwhinemod\prostree.ebd3bc06\release\prostree.ebd3bc06.tlog\link.read.1.tlog
c:\excuse_me\games\whinemod\x3\prostreetwhinemod\prostreetwhinemod\prostree.ebd3bc06\release\prostree.ebd3bc06.tlog\link.secondary.1.tlog
c:\excuse_me\games\whinemod\x3\prostreetwhinemod\prostreetwhinemod\prostree.ebd3bc06\release\prostree.ebd3bc06.tlog\link.write.1.tlog
c:\excuse_me\games\whinemod\x3\prostreetwhinemod\prostreetwhinemod\prostree.ebd3bc06\release\prostree.ebd3bc06.tlog\rc.command.1.tlog
c:\excuse_me\games\whinemod\x3\prostreetwhinemod\prostreetwhinemod\prostree.ebd3bc06\release\prostree.ebd3bc06.tlog\rc.read.1.tlog
c:\excuse_me\games\whinemod\x3\prostreetwhinemod\prostreetwhinemod\prostree.ebd3bc06\release\prostree.ebd3bc06.tlog\rc.write.1.tlog
