c:\excuse_me\games\whinemod\x3\prostreetwhinemod\prostreetwhinemod\prostree.ebd3bc06\debug\prostreetwhinemod.pch
c:\excuse_me\games\whinemod\x3\prostreetwhinemod\prostreetwhinemod\prostree.ebd3bc06\debug\vc143.pdb
c:\excuse_me\games\whinemod\x3\prostreetwhinemod\prostreetwhinemod\prostree.ebd3bc06\debug\vc143.idb
c:\excuse_me\games\whinemod\x3\prostreetwhinemod\prostreetwhinemod\prostree.ebd3bc06\debug\stdafx.obj
c:\excuse_me\games\whinemod\x3\prostreetwhinemod\prostreetwhinemod\prostree.ebd3bc06\debug\dllmain.obj
c:\excuse_me\games\whinemod\x3\prostreetwhinemod\prostreetwhinemod\debug\prostreetwhinemod.asi
c:\excuse_me\games\whinemod\x3\prostreetwhinemod\prostreetwhinemod\debug\prostreetwhinemod.pdb
c:\excuse_me\games\whinemod\x3\prostreetwhinemod\prostreetwhinemod\prostree.ebd3bc06\debug\resource.res
c:\excuse_me\games\whinemod\x3\prostreetwhinemod\prostreetwhinemod\prostree.ebd3bc06\debug\prostreetwhinemod.ilk
c:\excuse_me\games\whinemod\x3\prostreetwhinemod\prostreetwhinemod\prostree.ebd3bc06\debug\prostree.ebd3bc06.tlog\cl.command.1.tlog
c:\excuse_me\games\whinemod\x3\prostreetwhinemod\prostreetwhinemod\prostree.ebd3bc06\debug\prostree.ebd3bc06.tlog\cl.items.tlog
c:\excuse_me\games\whinemod\x3\prostreetwhinemod\prostreetwhinemod\prostree.ebd3bc06\debug\prostree.ebd3bc06.tlog\cl.read.1.tlog
c:\excuse_me\games\whinemod\x3\prostreetwhinemod\prostreetwhinemod\prostree.ebd3bc06\debug\prostree.ebd3bc06.tlog\cl.write.1.tlog
c:\excuse_me\games\whinemod\x3\prostreetwhinemod\prostreetwhinemod\prostree.ebd3bc06\debug\prostree.ebd3bc06.tlog\link.command.1.tlog
c:\excuse_me\games\whinemod\x3\prostreetwhinemod\prostreetwhinemod\prostree.ebd3bc06\debug\prostree.ebd3bc06.tlog\link.read.1.tlog
c:\excuse_me\games\whinemod\x3\prostreetwhinemod\prostreetwhinemod\prostree.ebd3bc06\debug\prostree.ebd3bc06.tlog\link.secondary.1.tlog
c:\excuse_me\games\whinemod\x3\prostreetwhinemod\prostreetwhinemod\prostree.ebd3bc06\debug\prostree.ebd3bc06.tlog\link.write.1.tlog
c:\excuse_me\games\whinemod\x3\prostreetwhinemod\prostreetwhinemod\prostree.ebd3bc06\debug\prostree.ebd3bc06.tlog\rc.command.1.tlog
c:\excuse_me\games\whinemod\x3\prostreetwhinemod\prostreetwhinemod\prostree.ebd3bc06\debug\prostree.ebd3bc06.tlog\rc.read.1.tlog
c:\excuse_me\games\whinemod\x3\prostreetwhinemod\prostreetwhinemod\prostree.ebd3bc06\debug\prostree.ebd3bc06.tlog\rc.write.1.tlog
